{
    "FunctionName": "hello-cli",
    "FunctionArn": "arn:aws:lambda:us-east-1:372289676674:function:hello-cli:1",
    "Runtime": "nodejs14.x",
    "Role": "arn:aws:iam::372289676674:role/lambda-exemplo",
    "Handler": "index.handler",
    "CodeSize": 330,
    "Description": "",
    "Timeout": 3,
    "MemorySize": 128,
    "LastModified": "2021-04-01T21:58:41.717+0000",
    "CodeSha256": "nCfNI+w6TQ0uE+ORDiu5k8AndTGSKcjaq5qUKianu6U=",
    "Version": "1",
    "TracingConfig": {
        "Mode": "PassThrough"
    },
    "RevisionId": "acc77c83-8b50-465b-9a3e-dfce1809bdf8",
    "State": "Active",
    "LastUpdateStatus": "Successful",
    "PackageType": "Zip"
}
